{"/Users/sathvikyada/Desktop/SpliLearn/splitlearn-web/src/modules/auth/AuthContext.tsx": {"path":"/Users/sathvikyada/Desktop/SpliLearn/splitlearn-web/src/modules/auth/AuthContext.tsx","statementMap":{"0":{"start":{"line":15,"column":6},"end":{"line":15,"column":null}},"1":{"start":{"line":18,"column":22},"end":{"line":18,"column":null}},"2":{"start":{"line":19,"column":28},"end":{"line":19,"column":null}},"3":{"start":{"line":20,"column":28},"end":{"line":20,"column":null}},"4":{"start":{"line":23,"column":2},"end":{"line":44,"column":null}},"5":{"start":{"line":24,"column":20},"end":{"line":24,"column":null}},"6":{"start":{"line":27,"column":4},"end":{"line":32,"column":null}},"7":{"start":{"line":28,"column":6},"end":{"line":28,"column":null}},"8":{"start":{"line":28,"column":22},"end":{"line":28,"column":null}},"9":{"start":{"line":29,"column":6},"end":{"line":29,"column":null}},"10":{"start":{"line":30,"column":6},"end":{"line":30,"column":null}},"11":{"start":{"line":31,"column":6},"end":{"line":31,"column":null}},"12":{"start":{"line":35,"column":26},"end":{"line":38,"column":null}},"13":{"start":{"line":36,"column":6},"end":{"line":36,"column":null}},"14":{"start":{"line":37,"column":6},"end":{"line":37,"column":null}},"15":{"start":{"line":40,"column":4},"end":{"line":43,"column":null}},"16":{"start":{"line":41,"column":6},"end":{"line":41,"column":null}},"17":{"start":{"line":42,"column":6},"end":{"line":42,"column":null}},"18":{"start":{"line":47,"column":8},"end":{"line":72,"column":null}},"19":{"start":{"line":47,"column":49},"end":{"line":72,"column":6}},"20":{"start":{"line":52,"column":24},"end":{"line":52,"column":null}},"21":{"start":{"line":53,"column":6},"end":{"line":53,"column":null}},"22":{"start":{"line":53,"column":17},"end":{"line":53,"column":null}},"23":{"start":{"line":56,"column":30},"end":{"line":56,"column":null}},"24":{"start":{"line":57,"column":6},"end":{"line":57,"column":null}},"25":{"start":{"line":57,"column":17},"end":{"line":57,"column":null}},"26":{"start":{"line":59,"column":25},"end":{"line":59,"column":null}},"27":{"start":{"line":60,"column":6},"end":{"line":62,"column":null}},"28":{"start":{"line":61,"column":8},"end":{"line":61,"column":null}},"29":{"start":{"line":65,"column":24},"end":{"line":65,"column":null}},"30":{"start":{"line":66,"column":6},"end":{"line":66,"column":null}},"31":{"start":{"line":66,"column":17},"end":{"line":66,"column":null}},"32":{"start":{"line":69,"column":24},"end":{"line":69,"column":null}},"33":{"start":{"line":70,"column":6},"end":{"line":70,"column":null}},"34":{"start":{"line":70,"column":17},"end":{"line":70,"column":null}},"35":{"start":{"line":74,"column":2},"end":{"line":74,"column":null}},"36":{"start":{"line":78,"column":8},"end":{"line":78,"column":null}},"37":{"start":{"line":79,"column":2},"end":{"line":79,"column":null}},"38":{"start":{"line":79,"column":12},"end":{"line":79,"column":null}},"39":{"start":{"line":80,"column":2},"end":{"line":80,"column":null}}},"fnMap":{"0":{"name":"AuthProvider","decl":{"start":{"line":17,"column":16},"end":{"line":17,"column":29}},"loc":{"start":{"line":17,"column":74},"end":{"line":75,"column":null}},"line":17},"1":{"name":"(anonymous_1)","decl":{"start":{"line":23,"column":12},"end":{"line":23,"column":18}},"loc":{"start":{"line":23,"column":18},"end":{"line":44,"column":5}},"line":23},"2":{"name":"(anonymous_2)","decl":{"start":{"line":27,"column":36},"end":{"line":27,"column":37}},"loc":{"start":{"line":27,"column":50},"end":{"line":32,"column":5}},"line":27},"3":{"name":"(anonymous_3)","decl":{"start":{"line":35,"column":58},"end":{"line":35,"column":59}},"loc":{"start":{"line":35,"column":82},"end":{"line":38,"column":5}},"line":35},"4":{"name":"(anonymous_4)","decl":{"start":{"line":40,"column":11},"end":{"line":40,"column":17}},"loc":{"start":{"line":40,"column":17},"end":{"line":43,"column":null}},"line":40},"5":{"name":"(anonymous_5)","decl":{"start":{"line":47,"column":42},"end":{"line":47,"column":49}},"loc":{"start":{"line":47,"column":49},"end":{"line":72,"column":6}},"line":47},"6":{"name":"(anonymous_6)","decl":{"start":{"line":51,"column":10},"end":{"line":51,"column":34}},"loc":{"start":{"line":51,"column":51},"end":{"line":54,"column":null}},"line":51},"7":{"name":"(anonymous_7)","decl":{"start":{"line":55,"column":10},"end":{"line":55,"column":34}},"loc":{"start":{"line":55,"column":51},"end":{"line":63,"column":null}},"line":55},"8":{"name":"(anonymous_8)","decl":{"start":{"line":64,"column":10},"end":{"line":64,"column":29}},"loc":{"start":{"line":64,"column":29},"end":{"line":67,"column":null}},"line":64},"9":{"name":"(anonymous_9)","decl":{"start":{"line":68,"column":10},"end":{"line":68,"column":20}},"loc":{"start":{"line":68,"column":20},"end":{"line":71,"column":null}},"line":68},"10":{"name":"useAuth","decl":{"start":{"line":77,"column":16},"end":{"line":77,"column":26}},"loc":{"start":{"line":77,"column":26},"end":{"line":81,"column":null}},"line":77}},"branchMap":{"0":{"loc":{"start":{"line":28,"column":6},"end":{"line":28,"column":null}},"type":"if","locations":[{"start":{"line":28,"column":6},"end":{"line":28,"column":null}},{"start":{},"end":{}}],"line":28},"1":{"loc":{"start":{"line":29,"column":17},"end":{"line":29,"column":37}},"type":"binary-expr","locations":[{"start":{"line":29,"column":17},"end":{"line":29,"column":33}},{"start":{"line":29,"column":33},"end":{"line":29,"column":37}}],"line":29},"2":{"loc":{"start":{"line":30,"column":14},"end":{"line":30,"column":40}},"type":"binary-expr","locations":[{"start":{"line":30,"column":14},"end":{"line":30,"column":36}},{"start":{"line":30,"column":36},"end":{"line":30,"column":40}}],"line":30},"3":{"loc":{"start":{"line":37,"column":14},"end":{"line":37,"column":38}},"type":"binary-expr","locations":[{"start":{"line":37,"column":14},"end":{"line":37,"column":34}},{"start":{"line":37,"column":34},"end":{"line":37,"column":38}}],"line":37},"4":{"loc":{"start":{"line":53,"column":6},"end":{"line":53,"column":null}},"type":"if","locations":[{"start":{"line":53,"column":6},"end":{"line":53,"column":null}},{"start":{},"end":{}}],"line":53},"5":{"loc":{"start":{"line":57,"column":6},"end":{"line":57,"column":null}},"type":"if","locations":[{"start":{"line":57,"column":6},"end":{"line":57,"column":null}},{"start":{},"end":{}}],"line":57},"6":{"loc":{"start":{"line":60,"column":6},"end":{"line":62,"column":null}},"type":"if","locations":[{"start":{"line":60,"column":6},"end":{"line":62,"column":null}},{"start":{},"end":{}}],"line":60},"7":{"loc":{"start":{"line":61,"column":75},"end":{"line":61,"column":100}},"type":"binary-expr","locations":[{"start":{"line":61,"column":75},"end":{"line":61,"column":95}},{"start":{"line":61,"column":95},"end":{"line":61,"column":100}}],"line":61},"8":{"loc":{"start":{"line":66,"column":6},"end":{"line":66,"column":null}},"type":"if","locations":[{"start":{"line":66,"column":6},"end":{"line":66,"column":null}},{"start":{},"end":{}}],"line":66},"9":{"loc":{"start":{"line":70,"column":6},"end":{"line":70,"column":null}},"type":"if","locations":[{"start":{"line":70,"column":6},"end":{"line":70,"column":null}},{"start":{},"end":{}}],"line":70},"10":{"loc":{"start":{"line":79,"column":2},"end":{"line":79,"column":null}},"type":"if","locations":[{"start":{"line":79,"column":2},"end":{"line":79,"column":null}},{"start":{},"end":{}}],"line":79}},"s":{"0":4,"1":43,"2":43,"3":43,"4":43,"5":33,"6":33,"7":33,"8":0,"9":33,"10":33,"11":33,"12":33,"13":0,"14":0,"15":33,"16":33,"17":33,"18":43,"19":41,"20":0,"21":0,"22":0,"23":0,"24":0,"25":0,"26":0,"27":0,"28":0,"29":0,"30":0,"31":0,"32":0,"33":0,"34":0,"35":43,"36":0,"37":0,"38":0,"39":0},"f":{"0":43,"1":33,"2":33,"3":0,"4":33,"5":41,"6":0,"7":0,"8":0,"9":0,"10":0},"b":{"0":[0,33],"1":[33,33],"2":[33,33],"3":[0,0],"4":[0,0],"5":[0,0],"6":[0,0],"7":[0,0],"8":[0,0],"9":[0,0],"10":[0,0]},"meta":{"lastBranch":11,"lastFunction":11,"lastStatement":40,"seen":{"s:15:6:15:Infinity":0,"f:17:16:17:29":0,"s:18:22:18:Infinity":1,"s:19:28:19:Infinity":2,"s:20:28:20:Infinity":3,"s:23:2:44:Infinity":4,"f:23:12:23:18":1,"s:24:20:24:Infinity":5,"s:27:4:32:Infinity":6,"f:27:36:27:37":2,"b:28:6:28:Infinity:undefined:undefined:undefined:undefined":0,"s:28:6:28:Infinity":7,"s:28:22:28:Infinity":8,"s:29:6:29:Infinity":9,"b:29:17:29:33:29:33:29:37":1,"s:30:6:30:Infinity":10,"b:30:14:30:36:30:36:30:40":2,"s:31:6:31:Infinity":11,"s:35:26:38:Infinity":12,"f:35:58:35:59":3,"s:36:6:36:Infinity":13,"s:37:6:37:Infinity":14,"b:37:14:37:34:37:34:37:38":3,"s:40:4:43:Infinity":15,"f:40:11:40:17":4,"s:41:6:41:Infinity":16,"s:42:6:42:Infinity":17,"s:47:8:72:Infinity":18,"f:47:42:47:49":5,"s:47:49:72:6":19,"f:51:10:51:34":6,"s:52:24:52:Infinity":20,"b:53:6:53:Infinity:undefined:undefined:undefined:undefined":4,"s:53:6:53:Infinity":21,"s:53:17:53:Infinity":22,"f:55:10:55:34":7,"s:56:30:56:Infinity":23,"b:57:6:57:Infinity:undefined:undefined:undefined:undefined":5,"s:57:6:57:Infinity":24,"s:57:17:57:Infinity":25,"s:59:25:59:Infinity":26,"b:60:6:62:Infinity:undefined:undefined:undefined:undefined":6,"s:60:6:62:Infinity":27,"s:61:8:61:Infinity":28,"b:61:75:61:95:61:95:61:100":7,"f:64:10:64:29":8,"s:65:24:65:Infinity":29,"b:66:6:66:Infinity:undefined:undefined:undefined:undefined":8,"s:66:6:66:Infinity":30,"s:66:17:66:Infinity":31,"f:68:10:68:20":9,"s:69:24:69:Infinity":32,"b:70:6:70:Infinity:undefined:undefined:undefined:undefined":9,"s:70:6:70:Infinity":33,"s:70:17:70:Infinity":34,"s:74:2:74:Infinity":35,"f:77:16:77:26":10,"s:78:8:78:Infinity":36,"b:79:2:79:Infinity:undefined:undefined:undefined:undefined":10,"s:79:2:79:Infinity":37,"s:79:12:79:Infinity":38,"s:80:2:80:Infinity":39}}}
,"/Users/sathvikyada/Desktop/SpliLearn/splitlearn-web/src/modules/classes/hooks.ts": {"path":"/Users/sathvikyada/Desktop/SpliLearn/splitlearn-web/src/modules/classes/hooks.ts","statementMap":{"0":{"start":{"line":8,"column":15},"end":{"line":8,"column":null}},"1":{"start":{"line":9,"column":2},"end":{"line":21,"column":null}},"2":{"start":{"line":13,"column":30},"end":{"line":17,"column":null}},"3":{"start":{"line":18,"column":6},"end":{"line":18,"column":null}},"4":{"start":{"line":18,"column":17},"end":{"line":18,"column":null}},"5":{"start":{"line":19,"column":6},"end":{"line":19,"column":null}},"6":{"start":{"line":26,"column":8},"end":{"line":26,"column":null}},"7":{"start":{"line":27,"column":15},"end":{"line":27,"column":null}},"8":{"start":{"line":28,"column":2},"end":{"line":49,"column":null}},"9":{"start":{"line":30,"column":35},"end":{"line":30,"column":null}},"10":{"start":{"line":31,"column":6},"end":{"line":31,"column":null}},"11":{"start":{"line":35,"column":6},"end":{"line":35,"column":null}},"12":{"start":{"line":36,"column":19},"end":{"line":36,"column":null}},"13":{"start":{"line":37,"column":35},"end":{"line":37,"column":null}},"14":{"start":{"line":38,"column":6},"end":{"line":38,"column":null}},"15":{"start":{"line":39,"column":6},"end":{"line":39,"column":null}},"16":{"start":{"line":42,"column":6},"end":{"line":42,"column":null}},"17":{"start":{"line":42,"column":21},"end":{"line":42,"column":null}},"18":{"start":{"line":45,"column":24},"end":{"line":45,"column":null}},"19":{"start":{"line":46,"column":6},"end":{"line":46,"column":null}},"20":{"start":{"line":46,"column":17},"end":{"line":46,"column":null}},"21":{"start":{"line":47,"column":6},"end":{"line":47,"column":null}},"22":{"start":{"line":53,"column":8},"end":{"line":53,"column":null}},"23":{"start":{"line":54,"column":15},"end":{"line":54,"column":null}},"24":{"start":{"line":55,"column":2},"end":{"line":73,"column":null}},"25":{"start":{"line":56,"column":64},"end":{"line":56,"column":null}},"26":{"start":{"line":58,"column":6},"end":{"line":58,"column":null}},"27":{"start":{"line":59,"column":19},"end":{"line":59,"column":null}},"28":{"start":{"line":60,"column":6},"end":{"line":62,"column":null}},"29":{"start":{"line":61,"column":8},"end":{"line":61,"column":null}},"30":{"start":{"line":61,"column":61},"end":{"line":61,"column":113}},"31":{"start":{"line":63,"column":6},"end":{"line":63,"column":null}},"32":{"start":{"line":65,"column":32},"end":{"line":65,"column":96}},"33":{"start":{"line":65,"column":47},"end":{"line":65,"column":96}},"34":{"start":{"line":67,"column":6},"end":{"line":70,"column":null}},"35":{"start":{"line":68,"column":26},"end":{"line":68,"column":null}},"36":{"start":{"line":69,"column":8},"end":{"line":69,"column":null}},"37":{"start":{"line":69,"column":19},"end":{"line":69,"column":null}},"38":{"start":{"line":71,"column":6},"end":{"line":71,"column":null}},"39":{"start":{"line":77,"column":8},"end":{"line":77,"column":null}},"40":{"start":{"line":78,"column":15},"end":{"line":78,"column":null}},"41":{"start":{"line":79,"column":2},"end":{"line":93,"column":null}},"42":{"start":{"line":80,"column":38},"end":{"line":80,"column":null}},"43":{"start":{"line":82,"column":6},"end":{"line":82,"column":null}},"44":{"start":{"line":83,"column":19},"end":{"line":83,"column":null}},"45":{"start":{"line":84,"column":6},"end":{"line":84,"column":null}},"46":{"start":{"line":84,"column":62},"end":{"line":84,"column":73}},"47":{"start":{"line":85,"column":6},"end":{"line":85,"column":null}},"48":{"start":{"line":87,"column":32},"end":{"line":87,"column":96}},"49":{"start":{"line":87,"column":47},"end":{"line":87,"column":96}},"50":{"start":{"line":89,"column":24},"end":{"line":89,"column":null}},"51":{"start":{"line":90,"column":6},"end":{"line":90,"column":null}},"52":{"start":{"line":90,"column":17},"end":{"line":90,"column":null}},"53":{"start":{"line":91,"column":6},"end":{"line":91,"column":null}}},"fnMap":{"0":{"name":"useClasses","decl":{"start":{"line":7,"column":16},"end":{"line":7,"column":29}},"loc":{"start":{"line":7,"column":29},"end":{"line":22,"column":null}},"line":7},"1":{"name":"(anonymous_1)","decl":{"start":{"line":12,"column":13},"end":{"line":12,"column":46}},"loc":{"start":{"line":12,"column":46},"end":{"line":20,"column":null}},"line":12},"2":{"name":"useCreateClass","decl":{"start":{"line":25,"column":16},"end":{"line":25,"column":33}},"loc":{"start":{"line":25,"column":33},"end":{"line":50,"column":null}},"line":25},"3":{"name":"(anonymous_3)","decl":{"start":{"line":29,"column":16},"end":{"line":29,"column":23}},"loc":{"start":{"line":29,"column":41},"end":{"line":32,"column":null}},"line":29},"4":{"name":"(anonymous_4)","decl":{"start":{"line":33,"column":14},"end":{"line":33,"column":21}},"loc":{"start":{"line":33,"column":31},"end":{"line":40,"column":null}},"line":33},"5":{"name":"(anonymous_5)","decl":{"start":{"line":41,"column":13},"end":{"line":41,"column":14}},"loc":{"start":{"line":41,"column":35},"end":{"line":43,"column":null}},"line":41},"6":{"name":"(anonymous_6)","decl":{"start":{"line":44,"column":15},"end":{"line":44,"column":22}},"loc":{"start":{"line":44,"column":45},"end":{"line":48,"column":null}},"line":44},"7":{"name":"useUpdateClass","decl":{"start":{"line":52,"column":16},"end":{"line":52,"column":33}},"loc":{"start":{"line":52,"column":33},"end":{"line":74,"column":null}},"line":52},"8":{"name":"(anonymous_8)","decl":{"start":{"line":56,"column":16},"end":{"line":56,"column":23}},"loc":{"start":{"line":56,"column":64},"end":{"line":56,"column":null}},"line":56},"9":{"name":"(anonymous_9)","decl":{"start":{"line":57,"column":14},"end":{"line":57,"column":21}},"loc":{"start":{"line":57,"column":31},"end":{"line":64,"column":null}},"line":57},"10":{"name":"(anonymous_10)","decl":{"start":{"line":61,"column":56},"end":{"line":61,"column":61}},"loc":{"start":{"line":61,"column":61},"end":{"line":61,"column":113}},"line":61},"11":{"name":"(anonymous_11)","decl":{"start":{"line":65,"column":13},"end":{"line":65,"column":14}},"loc":{"start":{"line":65,"column":30},"end":{"line":65,"column":null}},"line":65},"12":{"name":"(anonymous_12)","decl":{"start":{"line":66,"column":15},"end":{"line":66,"column":22}},"loc":{"start":{"line":66,"column":32},"end":{"line":72,"column":null}},"line":66},"13":{"name":"useDeleteClass","decl":{"start":{"line":76,"column":16},"end":{"line":76,"column":33}},"loc":{"start":{"line":76,"column":33},"end":{"line":94,"column":null}},"line":76},"14":{"name":"(anonymous_14)","decl":{"start":{"line":80,"column":16},"end":{"line":80,"column":23}},"loc":{"start":{"line":80,"column":38},"end":{"line":80,"column":null}},"line":80},"15":{"name":"(anonymous_15)","decl":{"start":{"line":81,"column":14},"end":{"line":81,"column":21}},"loc":{"start":{"line":81,"column":28},"end":{"line":86,"column":null}},"line":81},"16":{"name":"(anonymous_16)","decl":{"start":{"line":84,"column":57},"end":{"line":84,"column":62}},"loc":{"start":{"line":84,"column":62},"end":{"line":84,"column":73}},"line":84},"17":{"name":"(anonymous_17)","decl":{"start":{"line":87,"column":13},"end":{"line":87,"column":14}},"loc":{"start":{"line":87,"column":30},"end":{"line":87,"column":null}},"line":87},"18":{"name":"(anonymous_18)","decl":{"start":{"line":88,"column":15},"end":{"line":88,"column":22}},"loc":{"start":{"line":88,"column":29},"end":{"line":92,"column":null}},"line":88}},"branchMap":{"0":{"loc":{"start":{"line":18,"column":6},"end":{"line":18,"column":null}},"type":"if","locations":[{"start":{"line":18,"column":6},"end":{"line":18,"column":null}},{"start":{},"end":{}}],"line":18},"1":{"loc":{"start":{"line":36,"column":19},"end":{"line":36,"column":null}},"type":"binary-expr","locations":[{"start":{"line":36,"column":19},"end":{"line":36,"column":73}},{"start":{"line":36,"column":73},"end":{"line":36,"column":null}}],"line":36},"2":{"loc":{"start":{"line":42,"column":6},"end":{"line":42,"column":null}},"type":"if","locations":[{"start":{"line":42,"column":6},"end":{"line":42,"column":null}},{"start":{},"end":{}}],"line":42},"3":{"loc":{"start":{"line":46,"column":6},"end":{"line":46,"column":null}},"type":"if","locations":[{"start":{"line":46,"column":6},"end":{"line":46,"column":null}},{"start":{},"end":{}}],"line":46},"4":{"loc":{"start":{"line":59,"column":19},"end":{"line":59,"column":null}},"type":"binary-expr","locations":[{"start":{"line":59,"column":19},"end":{"line":59,"column":73}},{"start":{"line":59,"column":73},"end":{"line":59,"column":null}}],"line":59},"5":{"loc":{"start":{"line":60,"column":6},"end":{"line":62,"column":null}},"type":"if","locations":[{"start":{"line":60,"column":6},"end":{"line":62,"column":null}},{"start":{},"end":{}}],"line":60},"6":{"loc":{"start":{"line":61,"column":61},"end":{"line":61,"column":113}},"type":"cond-expr","locations":[{"start":{"line":61,"column":81},"end":{"line":61,"column":112}},{"start":{"line":61,"column":112},"end":{"line":61,"column":113}}],"line":61},"7":{"loc":{"start":{"line":65,"column":32},"end":{"line":65,"column":96}},"type":"if","locations":[{"start":{"line":65,"column":32},"end":{"line":65,"column":96}},{"start":{},"end":{}}],"line":65},"8":{"loc":{"start":{"line":67,"column":6},"end":{"line":70,"column":null}},"type":"if","locations":[{"start":{"line":67,"column":6},"end":{"line":70,"column":null}},{"start":{},"end":{}}],"line":67},"9":{"loc":{"start":{"line":69,"column":8},"end":{"line":69,"column":null}},"type":"if","locations":[{"start":{"line":69,"column":8},"end":{"line":69,"column":null}},{"start":{},"end":{}}],"line":69},"10":{"loc":{"start":{"line":83,"column":19},"end":{"line":83,"column":null}},"type":"binary-expr","locations":[{"start":{"line":83,"column":19},"end":{"line":83,"column":73}},{"start":{"line":83,"column":73},"end":{"line":83,"column":null}}],"line":83},"11":{"loc":{"start":{"line":87,"column":32},"end":{"line":87,"column":96}},"type":"if","locations":[{"start":{"line":87,"column":32},"end":{"line":87,"column":96}},{"start":{},"end":{}}],"line":87},"12":{"loc":{"start":{"line":90,"column":6},"end":{"line":90,"column":null}},"type":"if","locations":[{"start":{"line":90,"column":6},"end":{"line":90,"column":null}},{"start":{},"end":{}}],"line":90}},"s":{"0":3,"1":3,"2":1,"3":1,"4":0,"5":1,"6":2,"7":2,"8":2,"9":1,"10":1,"11":1,"12":1,"13":1,"14":1,"15":1,"16":0,"17":0,"18":1,"19":1,"20":0,"21":1,"22":2,"23":2,"24":2,"25":1,"26":1,"27":1,"28":1,"29":1,"30":1,"31":1,"32":0,"33":0,"34":1,"35":1,"36":1,"37":0,"38":1,"39":2,"40":2,"41":2,"42":1,"43":1,"44":1,"45":1,"46":1,"47":1,"48":0,"49":0,"50":1,"51":1,"52":0,"53":1},"f":{"0":3,"1":1,"2":2,"3":1,"4":1,"5":0,"6":1,"7":2,"8":1,"9":1,"10":1,"11":0,"12":1,"13":2,"14":1,"15":1,"16":1,"17":0,"18":1},"b":{"0":[0,1],"1":[1,1],"2":[0,0],"3":[0,1],"4":[1,0],"5":[1,0],"6":[1,0],"7":[0,0],"8":[1,0],"9":[0,1],"10":[1,0],"11":[0,0],"12":[0,1]},"meta":{"lastBranch":13,"lastFunction":19,"lastStatement":54,"seen":{"f:7:16:7:29":0,"s:8:15:8:Infinity":0,"s:9:2:21:Infinity":1,"f:12:13:12:46":1,"s:13:30:17:Infinity":2,"b:18:6:18:Infinity:undefined:undefined:undefined:undefined":0,"s:18:6:18:Infinity":3,"s:18:17:18:Infinity":4,"s:19:6:19:Infinity":5,"f:25:16:25:33":2,"s:26:8:26:Infinity":6,"s:27:15:27:Infinity":7,"s:28:2:49:Infinity":8,"f:29:16:29:23":3,"s:30:35:30:Infinity":9,"s:31:6:31:Infinity":10,"f:33:14:33:21":4,"s:35:6:35:Infinity":11,"s:36:19:36:Infinity":12,"b:36:19:36:73:36:73:36:Infinity":1,"s:37:35:37:Infinity":13,"s:38:6:38:Infinity":14,"s:39:6:39:Infinity":15,"f:41:13:41:14":5,"b:42:6:42:Infinity:undefined:undefined:undefined:undefined":2,"s:42:6:42:Infinity":16,"s:42:21:42:Infinity":17,"f:44:15:44:22":6,"s:45:24:45:Infinity":18,"b:46:6:46:Infinity:undefined:undefined:undefined:undefined":3,"s:46:6:46:Infinity":19,"s:46:17:46:Infinity":20,"s:47:6:47:Infinity":21,"f:52:16:52:33":7,"s:53:8:53:Infinity":22,"s:54:15:54:Infinity":23,"s:55:2:73:Infinity":24,"f:56:16:56:23":8,"s:56:64:56:Infinity":25,"f:57:14:57:21":9,"s:58:6:58:Infinity":26,"s:59:19:59:Infinity":27,"b:59:19:59:73:59:73:59:Infinity":4,"b:60:6:62:Infinity:undefined:undefined:undefined:undefined":5,"s:60:6:62:Infinity":28,"s:61:8:61:Infinity":29,"f:61:56:61:61":10,"s:61:61:61:113":30,"b:61:81:61:112:61:112:61:113":6,"s:63:6:63:Infinity":31,"f:65:13:65:14":11,"b:65:32:65:96:undefined:undefined:undefined:undefined":7,"s:65:32:65:96":32,"s:65:47:65:96":33,"f:66:15:66:22":12,"b:67:6:70:Infinity:undefined:undefined:undefined:undefined":8,"s:67:6:70:Infinity":34,"s:68:26:68:Infinity":35,"b:69:8:69:Infinity:undefined:undefined:undefined:undefined":9,"s:69:8:69:Infinity":36,"s:69:19:69:Infinity":37,"s:71:6:71:Infinity":38,"f:76:16:76:33":13,"s:77:8:77:Infinity":39,"s:78:15:78:Infinity":40,"s:79:2:93:Infinity":41,"f:80:16:80:23":14,"s:80:38:80:Infinity":42,"f:81:14:81:21":15,"s:82:6:82:Infinity":43,"s:83:19:83:Infinity":44,"b:83:19:83:73:83:73:83:Infinity":10,"s:84:6:84:Infinity":45,"f:84:57:84:62":16,"s:84:62:84:73":46,"s:85:6:85:Infinity":47,"f:87:13:87:14":17,"b:87:32:87:96:undefined:undefined:undefined:undefined":11,"s:87:32:87:96":48,"s:87:47:87:96":49,"f:88:15:88:22":18,"s:89:24:89:Infinity":50,"b:90:6:90:Infinity:undefined:undefined:undefined:undefined":12,"s:90:6:90:Infinity":51,"s:90:17:90:Infinity":52,"s:91:6:91:Infinity":53}}}
,"/Users/sathvikyada/Desktop/SpliLearn/splitlearn-web/src/modules/dashboard/hooks.ts": {"path":"/Users/sathvikyada/Desktop/SpliLearn/splitlearn-web/src/modules/dashboard/hooks.ts","statementMap":{"0":{"start":{"line":17,"column":15},"end":{"line":17,"column":null}},"1":{"start":{"line":19,"column":2},"end":{"line":120,"column":null}},"2":{"start":{"line":23,"column":6},"end":{"line":23,"column":null}},"3":{"start":{"line":23,"column":17},"end":{"line":23,"column":null}},"4":{"start":{"line":25,"column":49},"end":{"line":36,"column":null}},"5":{"start":{"line":38,"column":6},"end":{"line":38,"column":null}},"6":{"start":{"line":38,"column":22},"end":{"line":38,"column":null}},"7":{"start":{"line":39,"column":6},"end":{"line":39,"column":null}},"8":{"start":{"line":39,"column":40},"end":{"line":39,"column":null}},"9":{"start":{"line":41,"column":22},"end":{"line":41,"column":null}},"10":{"start":{"line":41,"column":37},"end":{"line":41,"column":41}},"11":{"start":{"line":43,"column":51},"end":{"line":46,"column":null}},"12":{"start":{"line":48,"column":6},"end":{"line":48,"column":null}},"13":{"start":{"line":48,"column":23},"end":{"line":48,"column":null}},"14":{"start":{"line":49,"column":6},"end":{"line":49,"column":null}},"15":{"start":{"line":49,"column":42},"end":{"line":49,"column":null}},"16":{"start":{"line":51,"column":23},"end":{"line":51,"column":null}},"17":{"start":{"line":51,"column":39},"end":{"line":51,"column":43}},"18":{"start":{"line":52,"column":51},"end":{"line":55,"column":null}},"19":{"start":{"line":57,"column":6},"end":{"line":57,"column":null}},"20":{"start":{"line":57,"column":23},"end":{"line":57,"column":null}},"21":{"start":{"line":58,"column":6},"end":{"line":58,"column":null}},"22":{"start":{"line":58,"column":42},"end":{"line":58,"column":null}},"23":{"start":{"line":60,"column":23},"end":{"line":60,"column":null}},"24":{"start":{"line":60,"column":39},"end":{"line":60,"column":43}},"25":{"start":{"line":61,"column":51},"end":{"line":64,"column":null}},"26":{"start":{"line":66,"column":6},"end":{"line":66,"column":null}},"27":{"start":{"line":66,"column":23},"end":{"line":66,"column":null}},"28":{"start":{"line":69,"column":33},"end":{"line":69,"column":null}},"29":{"start":{"line":70,"column":53},"end":{"line":70,"column":null}},"30":{"start":{"line":72,"column":6},"end":{"line":82,"column":null}},"31":{"start":{"line":73,"column":22},"end":{"line":73,"column":null}},"32":{"start":{"line":73,"column":39},"end":{"line":73,"column":62}},"33":{"start":{"line":74,"column":8},"end":{"line":74,"column":null}},"34":{"start":{"line":74,"column":20},"end":{"line":74,"column":null}},"35":{"start":{"line":75,"column":22},"end":{"line":75,"column":null}},"36":{"start":{"line":75,"column":39},"end":{"line":75,"column":62}},"37":{"start":{"line":76,"column":8},"end":{"line":76,"column":null}},"38":{"start":{"line":76,"column":20},"end":{"line":76,"column":null}},"39":{"start":{"line":77,"column":23},"end":{"line":77,"column":null}},"40":{"start":{"line":79,"column":8},"end":{"line":79,"column":null}},"41":{"start":{"line":79,"column":35},"end":{"line":79,"column":null}},"42":{"start":{"line":80,"column":8},"end":{"line":80,"column":null}},"43":{"start":{"line":81,"column":8},"end":{"line":81,"column":null}},"44":{"start":{"line":84,"column":61},"end":{"line":88,"column":null}},"45":{"start":{"line":90,"column":6},"end":{"line":90,"column":null}},"46":{"start":{"line":90,"column":28},"end":{"line":90,"column":null}},"47":{"start":{"line":93,"column":58},"end":{"line":93,"column":null}},"48":{"start":{"line":94,"column":6},"end":{"line":97,"column":null}},"49":{"start":{"line":95,"column":8},"end":{"line":95,"column":null}},"50":{"start":{"line":95,"column":46},"end":{"line":95,"column":null}},"51":{"start":{"line":96,"column":8},"end":{"line":96,"column":null}},"52":{"start":{"line":100,"column":39},"end":{"line":116,"column":null}},"53":{"start":{"line":101,"column":28},"end":{"line":101,"column":null}},"54":{"start":{"line":102,"column":32},"end":{"line":102,"column":null}},"55":{"start":{"line":103,"column":35},"end":{"line":105,"column":null}},"56":{"start":{"line":107,"column":8},"end":{"line":115,"column":null}},"57":{"start":{"line":118,"column":6},"end":{"line":118,"column":null}}},"fnMap":{"0":{"name":"useExamProgress","decl":{"start":{"line":16,"column":16},"end":{"line":16,"column":34}},"loc":{"start":{"line":16,"column":34},"end":{"line":121,"column":null}},"line":16},"1":{"name":"(anonymous_1)","decl":{"start":{"line":22,"column":13},"end":{"line":22,"column":50}},"loc":{"start":{"line":22,"column":50},"end":{"line":119,"column":null}},"line":22},"2":{"name":"(anonymous_2)","decl":{"start":{"line":41,"column":32},"end":{"line":41,"column":37}},"loc":{"start":{"line":41,"column":37},"end":{"line":41,"column":41}},"line":41},"3":{"name":"(anonymous_3)","decl":{"start":{"line":51,"column":34},"end":{"line":51,"column":39}},"loc":{"start":{"line":51,"column":39},"end":{"line":51,"column":43}},"line":51},"4":{"name":"(anonymous_4)","decl":{"start":{"line":60,"column":34},"end":{"line":60,"column":39}},"loc":{"start":{"line":60,"column":39},"end":{"line":60,"column":43}},"line":60},"5":{"name":"(anonymous_5)","decl":{"start":{"line":73,"column":34},"end":{"line":73,"column":39}},"loc":{"start":{"line":73,"column":39},"end":{"line":73,"column":62}},"line":73},"6":{"name":"(anonymous_6)","decl":{"start":{"line":75,"column":34},"end":{"line":75,"column":39}},"loc":{"start":{"line":75,"column":39},"end":{"line":75,"column":62}},"line":75},"7":{"name":"(anonymous_7)","decl":{"start":{"line":100,"column":49},"end":{"line":100,"column":50}},"loc":{"start":{"line":100,"column":64},"end":{"line":116,"column":7}},"line":100}},"branchMap":{"0":{"loc":{"start":{"line":23,"column":6},"end":{"line":23,"column":null}},"type":"if","locations":[{"start":{"line":23,"column":6},"end":{"line":23,"column":null}},{"start":{},"end":{}}],"line":23},"1":{"loc":{"start":{"line":38,"column":6},"end":{"line":38,"column":null}},"type":"if","locations":[{"start":{"line":38,"column":6},"end":{"line":38,"column":null}},{"start":{},"end":{}}],"line":38},"2":{"loc":{"start":{"line":39,"column":6},"end":{"line":39,"column":null}},"type":"if","locations":[{"start":{"line":39,"column":6},"end":{"line":39,"column":null}},{"start":{},"end":{}}],"line":39},"3":{"loc":{"start":{"line":39,"column":10},"end":{"line":39,"column":40}},"type":"binary-expr","locations":[{"start":{"line":39,"column":10},"end":{"line":39,"column":20}},{"start":{"line":39,"column":20},"end":{"line":39,"column":40}}],"line":39},"4":{"loc":{"start":{"line":48,"column":6},"end":{"line":48,"column":null}},"type":"if","locations":[{"start":{"line":48,"column":6},"end":{"line":48,"column":null}},{"start":{},"end":{}}],"line":48},"5":{"loc":{"start":{"line":49,"column":6},"end":{"line":49,"column":null}},"type":"if","locations":[{"start":{"line":49,"column":6},"end":{"line":49,"column":null}},{"start":{},"end":{}}],"line":49},"6":{"loc":{"start":{"line":49,"column":10},"end":{"line":49,"column":42}},"type":"binary-expr","locations":[{"start":{"line":49,"column":10},"end":{"line":49,"column":21}},{"start":{"line":49,"column":21},"end":{"line":49,"column":42}}],"line":49},"7":{"loc":{"start":{"line":57,"column":6},"end":{"line":57,"column":null}},"type":"if","locations":[{"start":{"line":57,"column":6},"end":{"line":57,"column":null}},{"start":{},"end":{}}],"line":57},"8":{"loc":{"start":{"line":58,"column":6},"end":{"line":58,"column":null}},"type":"if","locations":[{"start":{"line":58,"column":6},"end":{"line":58,"column":null}},{"start":{},"end":{}}],"line":58},"9":{"loc":{"start":{"line":58,"column":10},"end":{"line":58,"column":42}},"type":"binary-expr","locations":[{"start":{"line":58,"column":10},"end":{"line":58,"column":21}},{"start":{"line":58,"column":21},"end":{"line":58,"column":42}}],"line":58},"10":{"loc":{"start":{"line":66,"column":6},"end":{"line":66,"column":null}},"type":"if","locations":[{"start":{"line":66,"column":6},"end":{"line":66,"column":null}},{"start":{},"end":{}}],"line":66},"11":{"loc":{"start":{"line":72,"column":27},"end":{"line":72,"column":42}},"type":"binary-expr","locations":[{"start":{"line":72,"column":27},"end":{"line":72,"column":37}},{"start":{"line":72,"column":37},"end":{"line":72,"column":42}}],"line":72},"12":{"loc":{"start":{"line":74,"column":8},"end":{"line":74,"column":null}},"type":"if","locations":[{"start":{"line":74,"column":8},"end":{"line":74,"column":null}},{"start":{},"end":{}}],"line":74},"13":{"loc":{"start":{"line":76,"column":8},"end":{"line":76,"column":null}},"type":"if","locations":[{"start":{"line":76,"column":8},"end":{"line":76,"column":null}},{"start":{},"end":{}}],"line":76},"14":{"loc":{"start":{"line":79,"column":8},"end":{"line":79,"column":null}},"type":"if","locations":[{"start":{"line":79,"column":8},"end":{"line":79,"column":null}},{"start":{},"end":{}}],"line":79},"15":{"loc":{"start":{"line":90,"column":6},"end":{"line":90,"column":null}},"type":"if","locations":[{"start":{"line":90,"column":6},"end":{"line":90,"column":null}},{"start":{},"end":{}}],"line":90},"16":{"loc":{"start":{"line":94,"column":26},"end":{"line":94,"column":46}},"type":"binary-expr","locations":[{"start":{"line":94,"column":26},"end":{"line":94,"column":41}},{"start":{"line":94,"column":41},"end":{"line":94,"column":46}}],"line":94},"17":{"loc":{"start":{"line":95,"column":8},"end":{"line":95,"column":null}},"type":"if","locations":[{"start":{"line":95,"column":8},"end":{"line":95,"column":null}},{"start":{},"end":{}}],"line":95},"18":{"loc":{"start":{"line":101,"column":28},"end":{"line":101,"column":null}},"type":"binary-expr","locations":[{"start":{"line":101,"column":28},"end":{"line":101,"column":61}},{"start":{"line":101,"column":61},"end":{"line":101,"column":null}}],"line":101},"19":{"loc":{"start":{"line":102,"column":32},"end":{"line":102,"column":null}},"type":"binary-expr","locations":[{"start":{"line":102,"column":32},"end":{"line":102,"column":70}},{"start":{"line":102,"column":70},"end":{"line":102,"column":null}}],"line":102},"20":{"loc":{"start":{"line":103,"column":35},"end":{"line":105,"column":null}},"type":"cond-expr","locations":[{"start":{"line":104,"column":12},"end":{"line":104,"column":null}},{"start":{"line":105,"column":12},"end":{"line":105,"column":null}}],"line":103},"21":{"loc":{"start":{"line":110,"column":21},"end":{"line":110,"column":null}},"type":"binary-expr","locations":[{"start":{"line":110,"column":21},"end":{"line":110,"column":42}},{"start":{"line":110,"column":42},"end":{"line":110,"column":null}}],"line":110},"22":{"loc":{"start":{"line":111,"column":21},"end":{"line":111,"column":null}},"type":"binary-expr","locations":[{"start":{"line":111,"column":21},"end":{"line":111,"column":42}},{"start":{"line":111,"column":42},"end":{"line":111,"column":null}}],"line":111}},"s":{"0":9,"1":9,"2":4,"3":0,"4":4,"5":4,"6":1,"7":3,"8":1,"9":2,"10":2,"11":2,"12":2,"13":0,"14":2,"15":0,"16":2,"17":2,"18":2,"19":2,"20":0,"21":2,"22":0,"23":2,"24":2,"25":2,"26":2,"27":0,"28":2,"29":2,"30":2,"31":4,"32":4,"33":4,"34":0,"35":4,"36":4,"37":4,"38":0,"39":4,"40":4,"41":2,"42":4,"43":4,"44":2,"45":2,"46":0,"47":2,"48":2,"49":2,"50":2,"51":2,"52":2,"53":2,"54":2,"55":2,"56":2,"57":2},"f":{"0":9,"1":4,"2":2,"3":2,"4":2,"5":4,"6":4,"7":2},"b":{"0":[0,4],"1":[1,3],"2":[1,2],"3":[3,3],"4":[0,2],"5":[0,2],"6":[2,2],"7":[0,2],"8":[0,2],"9":[2,2],"10":[0,2],"11":[2,0],"12":[0,4],"13":[0,4],"14":[2,2],"15":[0,2],"16":[2,0],"17":[2,0],"18":[2,0],"19":[2,0],"20":[2,0],"21":[2,0],"22":[2,1]},"meta":{"lastBranch":23,"lastFunction":8,"lastStatement":58,"seen":{"f:16:16:16:34":0,"s:17:15:17:Infinity":0,"s:19:2:120:Infinity":1,"f:22:13:22:50":1,"b:23:6:23:Infinity:undefined:undefined:undefined:undefined":0,"s:23:6:23:Infinity":2,"s:23:17:23:Infinity":3,"s:25:49:36:Infinity":4,"b:38:6:38:Infinity:undefined:undefined:undefined:undefined":1,"s:38:6:38:Infinity":5,"s:38:22:38:Infinity":6,"b:39:6:39:Infinity:undefined:undefined:undefined:undefined":2,"s:39:6:39:Infinity":7,"b:39:10:39:20:39:20:39:40":3,"s:39:40:39:Infinity":8,"s:41:22:41:Infinity":9,"f:41:32:41:37":2,"s:41:37:41:41":10,"s:43:51:46:Infinity":11,"b:48:6:48:Infinity:undefined:undefined:undefined:undefined":4,"s:48:6:48:Infinity":12,"s:48:23:48:Infinity":13,"b:49:6:49:Infinity:undefined:undefined:undefined:undefined":5,"s:49:6:49:Infinity":14,"b:49:10:49:21:49:21:49:42":6,"s:49:42:49:Infinity":15,"s:51:23:51:Infinity":16,"f:51:34:51:39":3,"s:51:39:51:43":17,"s:52:51:55:Infinity":18,"b:57:6:57:Infinity:undefined:undefined:undefined:undefined":7,"s:57:6:57:Infinity":19,"s:57:23:57:Infinity":20,"b:58:6:58:Infinity:undefined:undefined:undefined:undefined":8,"s:58:6:58:Infinity":21,"b:58:10:58:21:58:21:58:42":9,"s:58:42:58:Infinity":22,"s:60:23:60:Infinity":23,"f:60:34:60:39":4,"s:60:39:60:43":24,"s:61:51:64:Infinity":25,"b:66:6:66:Infinity:undefined:undefined:undefined:undefined":10,"s:66:6:66:Infinity":26,"s:66:23:66:Infinity":27,"s:69:33:69:Infinity":28,"s:70:53:70:Infinity":29,"s:72:6:82:Infinity":30,"b:72:27:72:37:72:37:72:42":11,"s:73:22:73:Infinity":31,"f:73:34:73:39":5,"s:73:39:73:62":32,"b:74:8:74:Infinity:undefined:undefined:undefined:undefined":12,"s:74:8:74:Infinity":33,"s:74:20:74:Infinity":34,"s:75:22:75:Infinity":35,"f:75:34:75:39":6,"s:75:39:75:62":36,"b:76:8:76:Infinity:undefined:undefined:undefined:undefined":13,"s:76:8:76:Infinity":37,"s:76:20:76:Infinity":38,"s:77:23:77:Infinity":39,"b:79:8:79:Infinity:undefined:undefined:undefined:undefined":14,"s:79:8:79:Infinity":40,"s:79:35:79:Infinity":41,"s:80:8:80:Infinity":42,"s:81:8:81:Infinity":43,"s:84:61:88:Infinity":44,"b:90:6:90:Infinity:undefined:undefined:undefined:undefined":15,"s:90:6:90:Infinity":45,"s:90:28:90:Infinity":46,"s:93:58:93:Infinity":47,"s:94:6:97:Infinity":48,"b:94:26:94:41:94:41:94:46":16,"b:95:8:95:Infinity:undefined:undefined:undefined:undefined":17,"s:95:8:95:Infinity":49,"s:95:46:95:Infinity":50,"s:96:8:96:Infinity":51,"s:100:39:116:Infinity":52,"f:100:49:100:50":7,"s:101:28:101:Infinity":53,"b:101:28:101:61:101:61:101:Infinity":18,"s:102:32:102:Infinity":54,"b:102:32:102:70:102:70:102:Infinity":19,"s:103:35:105:Infinity":55,"b:104:12:104:Infinity:105:12:105:Infinity":20,"s:107:8:115:Infinity":56,"b:110:21:110:42:110:42:110:Infinity":21,"b:111:21:111:42:111:42:111:Infinity":22,"s:118:6:118:Infinity":57}}}
,"/Users/sathvikyada/Desktop/SpliLearn/splitlearn-web/src/modules/exams/hooks.ts": {"path":"/Users/sathvikyada/Desktop/SpliLearn/splitlearn-web/src/modules/exams/hooks.ts","statementMap":{"0":{"start":{"line":7,"column":2},"end":{"line":19,"column":null}},"1":{"start":{"line":11,"column":30},"end":{"line":15,"column":null}},"2":{"start":{"line":16,"column":6},"end":{"line":16,"column":null}},"3":{"start":{"line":16,"column":17},"end":{"line":16,"column":null}},"4":{"start":{"line":17,"column":6},"end":{"line":17,"column":null}},"5":{"start":{"line":24,"column":8},"end":{"line":24,"column":null}},"6":{"start":{"line":25,"column":2},"end":{"line":53,"column":null}},"7":{"start":{"line":26,"column":66},"end":{"line":26,"column":null}},"8":{"start":{"line":29,"column":6},"end":{"line":29,"column":null}},"9":{"start":{"line":30,"column":19},"end":{"line":30,"column":null}},"10":{"start":{"line":31,"column":34},"end":{"line":37,"column":null}},"11":{"start":{"line":38,"column":6},"end":{"line":38,"column":null}},"12":{"start":{"line":39,"column":6},"end":{"line":39,"column":null}},"13":{"start":{"line":41,"column":32},"end":{"line":41,"column":93}},"14":{"start":{"line":41,"column":47},"end":{"line":41,"column":93}},"15":{"start":{"line":43,"column":6},"end":{"line":50,"column":null}},"16":{"start":{"line":44,"column":26},"end":{"line":48,"column":null}},"17":{"start":{"line":49,"column":8},"end":{"line":49,"column":null}},"18":{"start":{"line":49,"column":19},"end":{"line":49,"column":null}},"19":{"start":{"line":51,"column":6},"end":{"line":51,"column":null}},"20":{"start":{"line":57,"column":8},"end":{"line":57,"column":null}},"21":{"start":{"line":58,"column":2},"end":{"line":76,"column":null}},"22":{"start":{"line":59,"column":64},"end":{"line":59,"column":null}},"23":{"start":{"line":61,"column":6},"end":{"line":61,"column":null}},"24":{"start":{"line":62,"column":19},"end":{"line":62,"column":null}},"25":{"start":{"line":63,"column":6},"end":{"line":65,"column":null}},"26":{"start":{"line":64,"column":8},"end":{"line":64,"column":null}},"27":{"start":{"line":64,"column":58},"end":{"line":64,"column":110}},"28":{"start":{"line":66,"column":6},"end":{"line":66,"column":null}},"29":{"start":{"line":68,"column":32},"end":{"line":68,"column":93}},"30":{"start":{"line":68,"column":47},"end":{"line":68,"column":93}},"31":{"start":{"line":70,"column":6},"end":{"line":73,"column":null}},"32":{"start":{"line":71,"column":26},"end":{"line":71,"column":null}},"33":{"start":{"line":72,"column":8},"end":{"line":72,"column":null}},"34":{"start":{"line":72,"column":19},"end":{"line":72,"column":null}},"35":{"start":{"line":74,"column":6},"end":{"line":74,"column":null}},"36":{"start":{"line":80,"column":8},"end":{"line":80,"column":null}},"37":{"start":{"line":81,"column":2},"end":{"line":95,"column":null}},"38":{"start":{"line":82,"column":38},"end":{"line":82,"column":null}},"39":{"start":{"line":84,"column":6},"end":{"line":84,"column":null}},"40":{"start":{"line":85,"column":19},"end":{"line":85,"column":null}},"41":{"start":{"line":86,"column":6},"end":{"line":86,"column":null}},"42":{"start":{"line":86,"column":59},"end":{"line":86,"column":70}},"43":{"start":{"line":87,"column":6},"end":{"line":87,"column":null}},"44":{"start":{"line":89,"column":32},"end":{"line":89,"column":93}},"45":{"start":{"line":89,"column":47},"end":{"line":89,"column":93}},"46":{"start":{"line":91,"column":24},"end":{"line":91,"column":null}},"47":{"start":{"line":92,"column":6},"end":{"line":92,"column":null}},"48":{"start":{"line":92,"column":17},"end":{"line":92,"column":null}},"49":{"start":{"line":93,"column":6},"end":{"line":93,"column":null}}},"fnMap":{"0":{"name":"useExams","decl":{"start":{"line":6,"column":16},"end":{"line":6,"column":25}},"loc":{"start":{"line":6,"column":43},"end":{"line":20,"column":null}},"line":6},"1":{"name":"(anonymous_1)","decl":{"start":{"line":10,"column":13},"end":{"line":10,"column":45}},"loc":{"start":{"line":10,"column":45},"end":{"line":18,"column":null}},"line":10},"2":{"name":"useCreateExam","decl":{"start":{"line":23,"column":16},"end":{"line":23,"column":30}},"loc":{"start":{"line":23,"column":47},"end":{"line":54,"column":null}},"line":23},"3":{"name":"(anonymous_3)","decl":{"start":{"line":26,"column":16},"end":{"line":26,"column":23}},"loc":{"start":{"line":26,"column":66},"end":{"line":26,"column":null}},"line":26},"4":{"name":"(anonymous_4)","decl":{"start":{"line":27,"column":14},"end":{"line":27,"column":21}},"loc":{"start":{"line":27,"column":31},"end":{"line":40,"column":null}},"line":27},"5":{"name":"(anonymous_5)","decl":{"start":{"line":41,"column":13},"end":{"line":41,"column":14}},"loc":{"start":{"line":41,"column":30},"end":{"line":41,"column":null}},"line":41},"6":{"name":"(anonymous_6)","decl":{"start":{"line":42,"column":15},"end":{"line":42,"column":22}},"loc":{"start":{"line":42,"column":32},"end":{"line":52,"column":null}},"line":42},"7":{"name":"useUpdateExam","decl":{"start":{"line":56,"column":16},"end":{"line":56,"column":30}},"loc":{"start":{"line":56,"column":47},"end":{"line":77,"column":null}},"line":56},"8":{"name":"(anonymous_8)","decl":{"start":{"line":59,"column":16},"end":{"line":59,"column":23}},"loc":{"start":{"line":59,"column":64},"end":{"line":59,"column":null}},"line":59},"9":{"name":"(anonymous_9)","decl":{"start":{"line":60,"column":14},"end":{"line":60,"column":21}},"loc":{"start":{"line":60,"column":31},"end":{"line":67,"column":null}},"line":60},"10":{"name":"(anonymous_10)","decl":{"start":{"line":64,"column":53},"end":{"line":64,"column":58}},"loc":{"start":{"line":64,"column":58},"end":{"line":64,"column":110}},"line":64},"11":{"name":"(anonymous_11)","decl":{"start":{"line":68,"column":13},"end":{"line":68,"column":14}},"loc":{"start":{"line":68,"column":30},"end":{"line":68,"column":null}},"line":68},"12":{"name":"(anonymous_12)","decl":{"start":{"line":69,"column":15},"end":{"line":69,"column":22}},"loc":{"start":{"line":69,"column":32},"end":{"line":75,"column":null}},"line":69},"13":{"name":"useDeleteExam","decl":{"start":{"line":79,"column":16},"end":{"line":79,"column":30}},"loc":{"start":{"line":79,"column":47},"end":{"line":96,"column":null}},"line":79},"14":{"name":"(anonymous_14)","decl":{"start":{"line":82,"column":16},"end":{"line":82,"column":23}},"loc":{"start":{"line":82,"column":38},"end":{"line":82,"column":null}},"line":82},"15":{"name":"(anonymous_15)","decl":{"start":{"line":83,"column":14},"end":{"line":83,"column":21}},"loc":{"start":{"line":83,"column":28},"end":{"line":88,"column":null}},"line":83},"16":{"name":"(anonymous_16)","decl":{"start":{"line":86,"column":54},"end":{"line":86,"column":59}},"loc":{"start":{"line":86,"column":59},"end":{"line":86,"column":70}},"line":86},"17":{"name":"(anonymous_17)","decl":{"start":{"line":89,"column":13},"end":{"line":89,"column":14}},"loc":{"start":{"line":89,"column":30},"end":{"line":89,"column":null}},"line":89},"18":{"name":"(anonymous_18)","decl":{"start":{"line":90,"column":15},"end":{"line":90,"column":22}},"loc":{"start":{"line":90,"column":29},"end":{"line":94,"column":null}},"line":90}},"branchMap":{"0":{"loc":{"start":{"line":8,"column":24},"end":{"line":8,"column":40}},"type":"binary-expr","locations":[{"start":{"line":8,"column":24},"end":{"line":8,"column":35}},{"start":{"line":8,"column":35},"end":{"line":8,"column":40}}],"line":8},"1":{"loc":{"start":{"line":16,"column":6},"end":{"line":16,"column":null}},"type":"if","locations":[{"start":{"line":16,"column":6},"end":{"line":16,"column":null}},{"start":{},"end":{}}],"line":16},"2":{"loc":{"start":{"line":30,"column":19},"end":{"line":30,"column":null}},"type":"binary-expr","locations":[{"start":{"line":30,"column":19},"end":{"line":30,"column":69}},{"start":{"line":30,"column":69},"end":{"line":30,"column":null}}],"line":30},"3":{"loc":{"start":{"line":41,"column":32},"end":{"line":41,"column":93}},"type":"if","locations":[{"start":{"line":41,"column":32},"end":{"line":41,"column":93}},{"start":{},"end":{}}],"line":41},"4":{"loc":{"start":{"line":43,"column":6},"end":{"line":50,"column":null}},"type":"if","locations":[{"start":{"line":43,"column":6},"end":{"line":50,"column":null}},{"start":{},"end":{}}],"line":43},"5":{"loc":{"start":{"line":43,"column":10},"end":{"line":43,"column":31}},"type":"binary-expr","locations":[{"start":{"line":43,"column":10},"end":{"line":43,"column":19}},{"start":{"line":43,"column":19},"end":{"line":43,"column":31}}],"line":43},"6":{"loc":{"start":{"line":49,"column":8},"end":{"line":49,"column":null}},"type":"if","locations":[{"start":{"line":49,"column":8},"end":{"line":49,"column":null}},{"start":{},"end":{}}],"line":49},"7":{"loc":{"start":{"line":62,"column":19},"end":{"line":62,"column":null}},"type":"binary-expr","locations":[{"start":{"line":62,"column":19},"end":{"line":62,"column":69}},{"start":{"line":62,"column":69},"end":{"line":62,"column":null}}],"line":62},"8":{"loc":{"start":{"line":63,"column":6},"end":{"line":65,"column":null}},"type":"if","locations":[{"start":{"line":63,"column":6},"end":{"line":65,"column":null}},{"start":{},"end":{}}],"line":63},"9":{"loc":{"start":{"line":64,"column":58},"end":{"line":64,"column":110}},"type":"cond-expr","locations":[{"start":{"line":64,"column":78},"end":{"line":64,"column":109}},{"start":{"line":64,"column":109},"end":{"line":64,"column":110}}],"line":64},"10":{"loc":{"start":{"line":68,"column":32},"end":{"line":68,"column":93}},"type":"if","locations":[{"start":{"line":68,"column":32},"end":{"line":68,"column":93}},{"start":{},"end":{}}],"line":68},"11":{"loc":{"start":{"line":70,"column":6},"end":{"line":73,"column":null}},"type":"if","locations":[{"start":{"line":70,"column":6},"end":{"line":73,"column":null}},{"start":{},"end":{}}],"line":70},"12":{"loc":{"start":{"line":72,"column":8},"end":{"line":72,"column":null}},"type":"if","locations":[{"start":{"line":72,"column":8},"end":{"line":72,"column":null}},{"start":{},"end":{}}],"line":72},"13":{"loc":{"start":{"line":85,"column":19},"end":{"line":85,"column":null}},"type":"binary-expr","locations":[{"start":{"line":85,"column":19},"end":{"line":85,"column":69}},{"start":{"line":85,"column":69},"end":{"line":85,"column":null}}],"line":85},"14":{"loc":{"start":{"line":89,"column":32},"end":{"line":89,"column":93}},"type":"if","locations":[{"start":{"line":89,"column":32},"end":{"line":89,"column":93}},{"start":{},"end":{}}],"line":89},"15":{"loc":{"start":{"line":92,"column":6},"end":{"line":92,"column":null}},"type":"if","locations":[{"start":{"line":92,"column":6},"end":{"line":92,"column":null}},{"start":{},"end":{}}],"line":92}},"s":{"0":5,"1":2,"2":2,"3":1,"4":1,"5":2,"6":2,"7":1,"8":1,"9":1,"10":1,"11":1,"12":1,"13":0,"14":0,"15":1,"16":1,"17":1,"18":0,"19":1,"20":2,"21":2,"22":1,"23":1,"24":1,"25":1,"26":1,"27":1,"28":1,"29":0,"30":0,"31":1,"32":1,"33":1,"34":0,"35":1,"36":2,"37":2,"38":1,"39":1,"40":1,"41":1,"42":1,"43":1,"44":0,"45":0,"46":1,"47":1,"48":0,"49":1},"f":{"0":5,"1":2,"2":2,"3":1,"4":1,"5":0,"6":1,"7":2,"8":1,"9":1,"10":1,"11":0,"12":1,"13":2,"14":1,"15":1,"16":1,"17":0,"18":1},"b":{"0":[5,1],"1":[1,1],"2":[1,1],"3":[0,0],"4":[1,0],"5":[1,1],"6":[0,1],"7":[1,0],"8":[1,0],"9":[1,0],"10":[0,0],"11":[1,0],"12":[0,1],"13":[1,0],"14":[0,0],"15":[0,1]},"meta":{"lastBranch":16,"lastFunction":19,"lastStatement":50,"seen":{"f:6:16:6:25":0,"s:7:2:19:Infinity":0,"b:8:24:8:35:8:35:8:40":0,"f:10:13:10:45":1,"s:11:30:15:Infinity":1,"b:16:6:16:Infinity:undefined:undefined:undefined:undefined":1,"s:16:6:16:Infinity":2,"s:16:17:16:Infinity":3,"s:17:6:17:Infinity":4,"f:23:16:23:30":2,"s:24:8:24:Infinity":5,"s:25:2:53:Infinity":6,"f:26:16:26:23":3,"s:26:66:26:Infinity":7,"f:27:14:27:21":4,"s:29:6:29:Infinity":8,"s:30:19:30:Infinity":9,"b:30:19:30:69:30:69:30:Infinity":2,"s:31:34:37:Infinity":10,"s:38:6:38:Infinity":11,"s:39:6:39:Infinity":12,"f:41:13:41:14":5,"b:41:32:41:93:undefined:undefined:undefined:undefined":3,"s:41:32:41:93":13,"s:41:47:41:93":14,"f:42:15:42:22":6,"b:43:6:50:Infinity:undefined:undefined:undefined:undefined":4,"s:43:6:50:Infinity":15,"b:43:10:43:19:43:19:43:31":5,"s:44:26:48:Infinity":16,"b:49:8:49:Infinity:undefined:undefined:undefined:undefined":6,"s:49:8:49:Infinity":17,"s:49:19:49:Infinity":18,"s:51:6:51:Infinity":19,"f:56:16:56:30":7,"s:57:8:57:Infinity":20,"s:58:2:76:Infinity":21,"f:59:16:59:23":8,"s:59:64:59:Infinity":22,"f:60:14:60:21":9,"s:61:6:61:Infinity":23,"s:62:19:62:Infinity":24,"b:62:19:62:69:62:69:62:Infinity":7,"b:63:6:65:Infinity:undefined:undefined:undefined:undefined":8,"s:63:6:65:Infinity":25,"s:64:8:64:Infinity":26,"f:64:53:64:58":10,"s:64:58:64:110":27,"b:64:78:64:109:64:109:64:110":9,"s:66:6:66:Infinity":28,"f:68:13:68:14":11,"b:68:32:68:93:undefined:undefined:undefined:undefined":10,"s:68:32:68:93":29,"s:68:47:68:93":30,"f:69:15:69:22":12,"b:70:6:73:Infinity:undefined:undefined:undefined:undefined":11,"s:70:6:73:Infinity":31,"s:71:26:71:Infinity":32,"b:72:8:72:Infinity:undefined:undefined:undefined:undefined":12,"s:72:8:72:Infinity":33,"s:72:19:72:Infinity":34,"s:74:6:74:Infinity":35,"f:79:16:79:30":13,"s:80:8:80:Infinity":36,"s:81:2:95:Infinity":37,"f:82:16:82:23":14,"s:82:38:82:Infinity":38,"f:83:14:83:21":15,"s:84:6:84:Infinity":39,"s:85:19:85:Infinity":40,"b:85:19:85:69:85:69:85:Infinity":13,"s:86:6:86:Infinity":41,"f:86:54:86:59":16,"s:86:59:86:70":42,"s:87:6:87:Infinity":43,"f:89:13:89:14":17,"b:89:32:89:93:undefined:undefined:undefined:undefined":14,"s:89:32:89:93":44,"s:89:47:89:93":45,"f:90:15:90:22":18,"s:91:24:91:Infinity":46,"b:92:6:92:Infinity:undefined:undefined:undefined:undefined":15,"s:92:6:92:Infinity":47,"s:92:17:92:Infinity":48,"s:93:6:93:Infinity":49}}}
,"/Users/sathvikyada/Desktop/SpliLearn/splitlearn-web/src/modules/study/hooks.ts": {"path":"/Users/sathvikyada/Desktop/SpliLearn/splitlearn-web/src/modules/study/hooks.ts","statementMap":{"0":{"start":{"line":8,"column":2},"end":{"line":28,"column":null}},"1":{"start":{"line":12,"column":6},"end":{"line":12,"column":null}},"2":{"start":{"line":12,"column":19},"end":{"line":12,"column":null}},"3":{"start":{"line":13,"column":49},"end":{"line":16,"column":null}},"4":{"start":{"line":17,"column":6},"end":{"line":17,"column":null}},"5":{"start":{"line":17,"column":21},"end":{"line":17,"column":null}},"6":{"start":{"line":18,"column":6},"end":{"line":18,"column":null}},"7":{"start":{"line":18,"column":42},"end":{"line":18,"column":null}},"8":{"start":{"line":19,"column":18},"end":{"line":19,"column":null}},"9":{"start":{"line":19,"column":34},"end":{"line":19,"column":38}},"10":{"start":{"line":20,"column":49},"end":{"line":24,"column":null}},"11":{"start":{"line":25,"column":6},"end":{"line":25,"column":null}},"12":{"start":{"line":25,"column":21},"end":{"line":25,"column":null}},"13":{"start":{"line":26,"column":6},"end":{"line":26,"column":null}},"14":{"start":{"line":34,"column":15},"end":{"line":34,"column":null}},"15":{"start":{"line":35,"column":2},"end":{"line":49,"column":null}},"16":{"start":{"line":39,"column":30},"end":{"line":43,"column":null}},"17":{"start":{"line":44,"column":6},"end":{"line":44,"column":null}},"18":{"start":{"line":44,"column":17},"end":{"line":44,"column":null}},"19":{"start":{"line":45,"column":43},"end":{"line":45,"column":null}},"20":{"start":{"line":46,"column":6},"end":{"line":46,"column":null}},"21":{"start":{"line":46,"column":41},"end":{"line":46,"column":null}},"22":{"start":{"line":47,"column":6},"end":{"line":47,"column":null}},"23":{"start":{"line":53,"column":15},"end":{"line":53,"column":null}},"24":{"start":{"line":54,"column":8},"end":{"line":54,"column":null}},"25":{"start":{"line":55,"column":2},"end":{"line":67,"column":null}},"26":{"start":{"line":57,"column":22},"end":{"line":57,"column":null}},"27":{"start":{"line":58,"column":24},"end":{"line":60,"column":null}},"28":{"start":{"line":61,"column":6},"end":{"line":61,"column":null}},"29":{"start":{"line":61,"column":17},"end":{"line":61,"column":null}},"30":{"start":{"line":62,"column":6},"end":{"line":62,"column":null}},"31":{"start":{"line":65,"column":6},"end":{"line":65,"column":null}}},"fnMap":{"0":{"name":"useTopicsByExam","decl":{"start":{"line":7,"column":16},"end":{"line":7,"column":32}},"loc":{"start":{"line":7,"column":49},"end":{"line":29,"column":null}},"line":7},"1":{"name":"(anonymous_1)","decl":{"start":{"line":11,"column":13},"end":{"line":11,"column":46}},"loc":{"start":{"line":11,"column":46},"end":{"line":27,"column":null}},"line":11},"2":{"name":"(anonymous_2)","decl":{"start":{"line":19,"column":29},"end":{"line":19,"column":34}},"loc":{"start":{"line":19,"column":34},"end":{"line":19,"column":38}},"line":19},"3":{"name":"useNotesMap","decl":{"start":{"line":33,"column":16},"end":{"line":33,"column":28}},"loc":{"start":{"line":33,"column":48},"end":{"line":50,"column":null}},"line":33},"4":{"name":"(anonymous_4)","decl":{"start":{"line":38,"column":13},"end":{"line":38,"column":59}},"loc":{"start":{"line":38,"column":59},"end":{"line":48,"column":null}},"line":38},"5":{"name":"useUpsertNote","decl":{"start":{"line":52,"column":16},"end":{"line":52,"column":32}},"loc":{"start":{"line":52,"column":32},"end":{"line":68,"column":null}},"line":52},"6":{"name":"(anonymous_6)","decl":{"start":{"line":56,"column":16},"end":{"line":56,"column":23}},"loc":{"start":{"line":56,"column":71},"end":{"line":63,"column":null}},"line":56},"7":{"name":"(anonymous_7)","decl":{"start":{"line":64,"column":15},"end":{"line":64,"column":27}},"loc":{"start":{"line":64,"column":27},"end":{"line":66,"column":null}},"line":64}},"branchMap":{"0":{"loc":{"start":{"line":12,"column":6},"end":{"line":12,"column":null}},"type":"if","locations":[{"start":{"line":12,"column":6},"end":{"line":12,"column":null}},{"start":{},"end":{}}],"line":12},"1":{"loc":{"start":{"line":17,"column":6},"end":{"line":17,"column":null}},"type":"if","locations":[{"start":{"line":17,"column":6},"end":{"line":17,"column":null}},{"start":{},"end":{}}],"line":17},"2":{"loc":{"start":{"line":18,"column":6},"end":{"line":18,"column":null}},"type":"if","locations":[{"start":{"line":18,"column":6},"end":{"line":18,"column":null}},{"start":{},"end":{}}],"line":18},"3":{"loc":{"start":{"line":18,"column":10},"end":{"line":18,"column":42}},"type":"binary-expr","locations":[{"start":{"line":18,"column":10},"end":{"line":18,"column":21}},{"start":{"line":18,"column":21},"end":{"line":18,"column":42}}],"line":18},"4":{"loc":{"start":{"line":25,"column":6},"end":{"line":25,"column":null}},"type":"if","locations":[{"start":{"line":25,"column":6},"end":{"line":25,"column":null}},{"start":{},"end":{}}],"line":25},"5":{"loc":{"start":{"line":37,"column":13},"end":{"line":37,"column":null}},"type":"binary-expr","locations":[{"start":{"line":37,"column":13},"end":{"line":37,"column":27}},{"start":{"line":37,"column":27},"end":{"line":37,"column":null}}],"line":37},"6":{"loc":{"start":{"line":44,"column":6},"end":{"line":44,"column":null}},"type":"if","locations":[{"start":{"line":44,"column":6},"end":{"line":44,"column":null}},{"start":{},"end":{}}],"line":44},"7":{"loc":{"start":{"line":61,"column":6},"end":{"line":61,"column":null}},"type":"if","locations":[{"start":{"line":61,"column":6},"end":{"line":61,"column":null}},{"start":{},"end":{}}],"line":61}},"s":{"0":5,"1":2,"2":0,"3":2,"4":2,"5":0,"6":2,"7":1,"8":1,"9":1,"10":1,"11":1,"12":0,"13":1,"14":4,"15":4,"16":1,"17":1,"18":0,"19":1,"20":1,"21":1,"22":1,"23":2,"24":2,"25":2,"26":1,"27":1,"28":1,"29":0,"30":1,"31":1},"f":{"0":5,"1":2,"2":1,"3":4,"4":1,"5":2,"6":1,"7":1},"b":{"0":[0,2],"1":[0,2],"2":[1,1],"3":[2,2],"4":[0,1],"5":[4,3],"6":[0,1],"7":[0,1]},"meta":{"lastBranch":8,"lastFunction":8,"lastStatement":32,"seen":{"f:7:16:7:32":0,"s:8:2:28:Infinity":0,"f:11:13:11:46":1,"b:12:6:12:Infinity:undefined:undefined:undefined:undefined":0,"s:12:6:12:Infinity":1,"s:12:19:12:Infinity":2,"s:13:49:16:Infinity":3,"b:17:6:17:Infinity:undefined:undefined:undefined:undefined":1,"s:17:6:17:Infinity":4,"s:17:21:17:Infinity":5,"b:18:6:18:Infinity:undefined:undefined:undefined:undefined":2,"s:18:6:18:Infinity":6,"b:18:10:18:21:18:21:18:42":3,"s:18:42:18:Infinity":7,"s:19:18:19:Infinity":8,"f:19:29:19:34":2,"s:19:34:19:38":9,"s:20:49:24:Infinity":10,"b:25:6:25:Infinity:undefined:undefined:undefined:undefined":4,"s:25:6:25:Infinity":11,"s:25:21:25:Infinity":12,"s:26:6:26:Infinity":13,"f:33:16:33:28":3,"s:34:15:34:Infinity":14,"s:35:2:49:Infinity":15,"b:37:13:37:27:37:27:37:Infinity":5,"f:38:13:38:59":4,"s:39:30:43:Infinity":16,"b:44:6:44:Infinity:undefined:undefined:undefined:undefined":6,"s:44:6:44:Infinity":17,"s:44:17:44:Infinity":18,"s:45:43:45:Infinity":19,"s:46:6:46:Infinity":20,"s:46:41:46:Infinity":21,"s:47:6:47:Infinity":22,"f:52:16:52:32":5,"s:53:15:53:Infinity":23,"s:54:8:54:Infinity":24,"s:55:2:67:Infinity":25,"f:56:16:56:23":6,"s:57:22:57:Infinity":26,"s:58:24:60:Infinity":27,"b:61:6:61:Infinity:undefined:undefined:undefined:undefined":7,"s:61:6:61:Infinity":28,"s:61:17:61:Infinity":29,"s:62:6:62:Infinity":30,"f:64:15:64:27":7,"s:65:6:65:Infinity":31}}}
,"/Users/sathvikyada/Desktop/SpliLearn/splitlearn-web/src/modules/ui/CircularProgress.tsx": {"path":"/Users/sathvikyada/Desktop/SpliLearn/splitlearn-web/src/modules/ui/CircularProgress.tsx","statementMap":{"0":{"start":{"line":12,"column":8},"end":{"line":12,"column":null}},"1":{"start":{"line":14,"column":8},"end":{"line":14,"column":null}},"2":{"start":{"line":15,"column":24},"end":{"line":15,"column":null}},"3":{"start":{"line":16,"column":14},"end":{"line":16,"column":null}},"4":{"start":{"line":17,"column":17},"end":{"line":17,"column":null}},"5":{"start":{"line":19,"column":2},"end":{"line":56,"column":null}}},"fnMap":{"0":{"name":"CircularProgress","decl":{"start":{"line":11,"column":16},"end":{"line":11,"column":33}},"loc":{"start":{"line":11,"column":106},"end":{"line":58,"column":null}},"line":11}},"branchMap":{"0":{"loc":{"start":{"line":11,"column":42},"end":{"line":11,"column":54}},"type":"default-arg","locations":[{"start":{"line":11,"column":49},"end":{"line":11,"column":54}}],"line":11},"1":{"loc":{"start":{"line":11,"column":54},"end":{"line":11,"column":71}},"type":"default-arg","locations":[{"start":{"line":11,"column":68},"end":{"line":11,"column":71}}],"line":11},"2":{"loc":{"start":{"line":11,"column":71},"end":{"line":11,"column":87}},"type":"default-arg","locations":[{"start":{"line":11,"column":83},"end":{"line":11,"column":87}}],"line":11}},"s":{"0":8,"1":8,"2":8,"3":8,"4":8,"5":8},"f":{"0":8},"b":{"0":[8],"1":[8],"2":[8]},"meta":{"lastBranch":3,"lastFunction":1,"lastStatement":6,"seen":{"f:11:16:11:33":0,"b:11:49:11:54":0,"b:11:68:11:71":1,"b:11:83:11:87":2,"s:12:8:12:Infinity":0,"s:14:8:14:Infinity":1,"s:15:24:15:Infinity":2,"s:16:14:16:Infinity":3,"s:17:17:17:Infinity":4,"s:19:2:56:Infinity":5}}}
,"/Users/sathvikyada/Desktop/SpliLearn/splitlearn-web/src/modules/ui/CountdownBar.tsx": {"path":"/Users/sathvikyada/Desktop/SpliLearn/splitlearn-web/src/modules/ui/CountdownBar.tsx","statementMap":{"0":{"start":{"line":10,"column":67},"end":{"line":52,"column":null}},"1":{"start":{"line":11,"column":4},"end":{"line":13,"column":null}},"2":{"start":{"line":12,"column":6},"end":{"line":12,"column":null}},"3":{"start":{"line":15,"column":18},"end":{"line":15,"column":null}},"4":{"start":{"line":16,"column":4},"end":{"line":16,"column":null}},"5":{"start":{"line":18,"column":17},"end":{"line":18,"column":null}},"6":{"start":{"line":19,"column":4},"end":{"line":19,"column":null}},"7":{"start":{"line":21,"column":21},"end":{"line":21,"column":null}},"8":{"start":{"line":22,"column":21},"end":{"line":22,"column":null}},"9":{"start":{"line":24,"column":26},"end":{"line":24,"column":null}},"10":{"start":{"line":25,"column":23},"end":{"line":25,"column":null}},"11":{"start":{"line":26,"column":22},"end":{"line":26,"column":null}},"12":{"start":{"line":28,"column":20},"end":{"line":28,"column":null}},"13":{"start":{"line":29,"column":21},"end":{"line":29,"column":null}},"14":{"start":{"line":31,"column":4},"end":{"line":37,"column":null}},"15":{"start":{"line":32,"column":6},"end":{"line":32,"column":null}},"16":{"start":{"line":33,"column":4},"end":{"line":37,"column":null}},"17":{"start":{"line":34,"column":6},"end":{"line":34,"column":null}},"18":{"start":{"line":36,"column":6},"end":{"line":36,"column":null}},"19":{"start":{"line":40,"column":72},"end":{"line":40,"column":null}},"20":{"start":{"line":41,"column":4},"end":{"line":49,"column":null}},"21":{"start":{"line":42,"column":6},"end":{"line":42,"column":null}},"22":{"start":{"line":43,"column":4},"end":{"line":49,"column":null}},"23":{"start":{"line":44,"column":6},"end":{"line":44,"column":null}},"24":{"start":{"line":45,"column":4},"end":{"line":49,"column":null}},"25":{"start":{"line":46,"column":6},"end":{"line":46,"column":null}},"26":{"start":{"line":48,"column":6},"end":{"line":48,"column":null}},"27":{"start":{"line":51,"column":4},"end":{"line":51,"column":null}},"28":{"start":{"line":54,"column":2},"end":{"line":61,"column":null}},"29":{"start":{"line":55,"column":4},"end":{"line":59,"column":null}},"30":{"start":{"line":64,"column":22},"end":{"line":77,"column":null}},"31":{"start":{"line":65,"column":4},"end":{"line":76,"column":null}},"32":{"start":{"line":67,"column":8},"end":{"line":67,"column":null}},"33":{"start":{"line":69,"column":8},"end":{"line":69,"column":null}},"34":{"start":{"line":71,"column":8},"end":{"line":71,"column":null}},"35":{"start":{"line":73,"column":8},"end":{"line":73,"column":null}},"36":{"start":{"line":75,"column":8},"end":{"line":75,"column":null}},"37":{"start":{"line":80,"column":24},"end":{"line":91,"column":null}},"38":{"start":{"line":81,"column":4},"end":{"line":83,"column":null}},"39":{"start":{"line":82,"column":6},"end":{"line":82,"column":null}},"40":{"start":{"line":84,"column":4},"end":{"line":86,"column":null}},"41":{"start":{"line":85,"column":6},"end":{"line":85,"column":null}},"42":{"start":{"line":87,"column":4},"end":{"line":89,"column":null}},"43":{"start":{"line":88,"column":6},"end":{"line":88,"column":null}},"44":{"start":{"line":90,"column":4},"end":{"line":90,"column":null}},"45":{"start":{"line":93,"column":2},"end":{"line":126,"column":null}},"46":{"start":{"line":104,"column":18},"end":{"line":104,"column":null}},"47":{"start":{"line":105,"column":12},"end":{"line":113,"column":null}}},"fnMap":{"0":{"name":"CountdownBar","decl":{"start":{"line":8,"column":16},"end":{"line":8,"column":29}},"loc":{"start":{"line":8,"column":78},"end":{"line":128,"column":null}},"line":8},"1":{"name":"(anonymous_1)","decl":{"start":{"line":10,"column":79},"end":{"line":10,"column":85}},"loc":{"start":{"line":10,"column":85},"end":{"line":52,"column":5}},"line":10},"2":{"name":"(anonymous_2)","decl":{"start":{"line":64,"column":22},"end":{"line":64,"column":28}},"loc":{"start":{"line":64,"column":28},"end":{"line":77,"column":null}},"line":64},"3":{"name":"(anonymous_3)","decl":{"start":{"line":80,"column":24},"end":{"line":80,"column":30}},"loc":{"start":{"line":80,"column":30},"end":{"line":91,"column":null}},"line":80},"4":{"name":"(anonymous_4)","decl":{"start":{"line":103,"column":31},"end":{"line":103,"column":32}},"loc":{"start":{"line":103,"column":40},"end":{"line":115,"column":11}},"line":103}},"branchMap":{"0":{"loc":{"start":{"line":8,"column":41},"end":{"line":8,"column":56}},"type":"default-arg","locations":[{"start":{"line":8,"column":53},"end":{"line":8,"column":56}}],"line":8},"1":{"loc":{"start":{"line":11,"column":4},"end":{"line":13,"column":null}},"type":"if","locations":[{"start":{"line":11,"column":4},"end":{"line":13,"column":null}},{"start":{},"end":{}}],"line":11},"2":{"loc":{"start":{"line":31,"column":4},"end":{"line":37,"column":null}},"type":"if","locations":[{"start":{"line":31,"column":4},"end":{"line":37,"column":null}},{"start":{"line":33,"column":4},"end":{"line":37,"column":null}}],"line":31},"3":{"loc":{"start":{"line":33,"column":4},"end":{"line":37,"column":null}},"type":"if","locations":[{"start":{"line":33,"column":4},"end":{"line":37,"column":null}},{"start":{"line":35,"column":11},"end":{"line":37,"column":null}}],"line":33},"4":{"loc":{"start":{"line":41,"column":4},"end":{"line":49,"column":null}},"type":"if","locations":[{"start":{"line":41,"column":4},"end":{"line":49,"column":null}},{"start":{"line":43,"column":4},"end":{"line":49,"column":null}}],"line":41},"5":{"loc":{"start":{"line":43,"column":4},"end":{"line":49,"column":null}},"type":"if","locations":[{"start":{"line":43,"column":4},"end":{"line":49,"column":null}},{"start":{"line":45,"column":4},"end":{"line":49,"column":null}}],"line":43},"6":{"loc":{"start":{"line":45,"column":4},"end":{"line":49,"column":null}},"type":"if","locations":[{"start":{"line":45,"column":4},"end":{"line":49,"column":null}},{"start":{"line":47,"column":11},"end":{"line":49,"column":null}}],"line":45},"7":{"loc":{"start":{"line":54,"column":2},"end":{"line":61,"column":null}},"type":"if","locations":[{"start":{"line":54,"column":2},"end":{"line":61,"column":null}},{"start":{},"end":{}}],"line":54},"8":{"loc":{"start":{"line":65,"column":4},"end":{"line":76,"column":null}},"type":"switch","locations":[{"start":{"line":66,"column":6},"end":{"line":67,"column":null}},{"start":{"line":68,"column":6},"end":{"line":69,"column":null}},{"start":{"line":70,"column":6},"end":{"line":71,"column":null}},{"start":{"line":72,"column":6},"end":{"line":73,"column":null}},{"start":{"line":74,"column":6},"end":{"line":75,"column":null}}],"line":65},"9":{"loc":{"start":{"line":81,"column":4},"end":{"line":83,"column":null}},"type":"if","locations":[{"start":{"line":81,"column":4},"end":{"line":83,"column":null}},{"start":{},"end":{}}],"line":81},"10":{"loc":{"start":{"line":82,"column":47},"end":{"line":82,"column":88}},"type":"cond-expr","locations":[{"start":{"line":82,"column":80},"end":{"line":82,"column":86}},{"start":{"line":82,"column":86},"end":{"line":82,"column":88}}],"line":82},"11":{"loc":{"start":{"line":84,"column":4},"end":{"line":86,"column":null}},"type":"if","locations":[{"start":{"line":84,"column":4},"end":{"line":86,"column":null}},{"start":{},"end":{}}],"line":84},"12":{"loc":{"start":{"line":87,"column":4},"end":{"line":89,"column":null}},"type":"if","locations":[{"start":{"line":87,"column":4},"end":{"line":89,"column":null}},{"start":{},"end":{}}],"line":87},"13":{"loc":{"start":{"line":119,"column":8},"end":{"line":122,"column":null}},"type":"cond-expr","locations":[{"start":{"line":119,"column":31},"end":{"line":119,"column":null}},{"start":{"line":120,"column":8},"end":{"line":122,"column":null}}],"line":119},"14":{"loc":{"start":{"line":120,"column":8},"end":{"line":122,"column":null}},"type":"cond-expr","locations":[{"start":{"line":120,"column":30},"end":{"line":120,"column":null}},{"start":{"line":121,"column":8},"end":{"line":122,"column":null}}],"line":120},"15":{"loc":{"start":{"line":121,"column":8},"end":{"line":122,"column":null}},"type":"cond-expr","locations":[{"start":{"line":121,"column":31},"end":{"line":121,"column":null}},{"start":{"line":122,"column":8},"end":{"line":122,"column":null}}],"line":121}},"s":{"0":12,"1":12,"2":1,"3":11,"4":11,"5":11,"6":11,"7":11,"8":11,"9":11,"10":11,"11":11,"12":11,"13":11,"14":11,"15":3,"16":8,"17":1,"18":7,"19":11,"20":11,"21":3,"22":8,"23":2,"24":6,"25":4,"26":2,"27":11,"28":12,"29":1,"30":11,"31":11,"32":3,"33":2,"34":4,"35":2,"36":0,"37":11,"38":11,"39":3,"40":8,"41":1,"42":7,"43":0,"44":7,"45":11,"46":44,"47":44},"f":{"0":12,"1":12,"2":11,"3":11,"4":44},"b":{"0":[12],"1":[1,11],"2":[3,8],"3":[1,7],"4":[3,8],"5":[2,6],"6":[4,2],"7":[1,11],"8":[3,2,4,2,0],"9":[3,8],"10":[2,1],"11":[1,7],"12":[0,7],"13":[3,8],"14":[2,6],"15":[4,2]},"meta":{"lastBranch":16,"lastFunction":5,"lastStatement":48,"seen":{"f:8:16:8:29":0,"b:8:53:8:56":0,"s:10:67:52:Infinity":0,"f:10:79:10:85":1,"b:11:4:13:Infinity:undefined:undefined:undefined:undefined":1,"s:11:4:13:Infinity":1,"s:12:6:12:Infinity":2,"s:15:18:15:Infinity":3,"s:16:4:16:Infinity":4,"s:18:17:18:Infinity":5,"s:19:4:19:Infinity":6,"s:21:21:21:Infinity":7,"s:22:21:22:Infinity":8,"s:24:26:24:Infinity":9,"s:25:23:25:Infinity":10,"s:26:22:26:Infinity":11,"s:28:20:28:Infinity":12,"s:29:21:29:Infinity":13,"b:31:4:37:Infinity:33:4:37:Infinity":2,"s:31:4:37:Infinity":14,"s:32:6:32:Infinity":15,"b:33:4:37:Infinity:35:11:37:Infinity":3,"s:33:4:37:Infinity":16,"s:34:6:34:Infinity":17,"s:36:6:36:Infinity":18,"s:40:72:40:Infinity":19,"b:41:4:49:Infinity:43:4:49:Infinity":4,"s:41:4:49:Infinity":20,"s:42:6:42:Infinity":21,"b:43:4:49:Infinity:45:4:49:Infinity":5,"s:43:4:49:Infinity":22,"s:44:6:44:Infinity":23,"b:45:4:49:Infinity:47:11:49:Infinity":6,"s:45:4:49:Infinity":24,"s:46:6:46:Infinity":25,"s:48:6:48:Infinity":26,"s:51:4:51:Infinity":27,"b:54:2:61:Infinity:undefined:undefined:undefined:undefined":7,"s:54:2:61:Infinity":28,"s:55:4:59:Infinity":29,"s:64:22:77:Infinity":30,"f:64:22:64:28":2,"b:66:6:67:Infinity:68:6:69:Infinity:70:6:71:Infinity:72:6:73:Infinity:74:6:75:Infinity":8,"s:65:4:76:Infinity":31,"s:67:8:67:Infinity":32,"s:69:8:69:Infinity":33,"s:71:8:71:Infinity":34,"s:73:8:73:Infinity":35,"s:75:8:75:Infinity":36,"s:80:24:91:Infinity":37,"f:80:24:80:30":3,"b:81:4:83:Infinity:undefined:undefined:undefined:undefined":9,"s:81:4:83:Infinity":38,"s:82:6:82:Infinity":39,"b:82:80:82:86:82:86:82:88":10,"b:84:4:86:Infinity:undefined:undefined:undefined:undefined":11,"s:84:4:86:Infinity":40,"s:85:6:85:Infinity":41,"b:87:4:89:Infinity:undefined:undefined:undefined:undefined":12,"s:87:4:89:Infinity":42,"s:88:6:88:Infinity":43,"s:90:4:90:Infinity":44,"s:93:2:126:Infinity":45,"f:103:31:103:32":4,"s:104:18:104:Infinity":46,"s:105:12:113:Infinity":47,"b:119:31:119:Infinity:120:8:122:Infinity":13,"b:120:30:120:Infinity:121:8:122:Infinity":14,"b:121:31:121:Infinity:122:8:122:Infinity":15}}}
,"/Users/sathvikyada/Desktop/SpliLearn/splitlearn-web/src/modules/ui/ProgressBar.tsx": {"path":"/Users/sathvikyada/Desktop/SpliLearn/splitlearn-web/src/modules/ui/ProgressBar.tsx","statementMap":{"0":{"start":{"line":8,"column":14},"end":{"line":8,"column":null}},"1":{"start":{"line":9,"column":2},"end":{"line":12,"column":null}}},"fnMap":{"0":{"name":"ProgressBar","decl":{"start":{"line":6,"column":16},"end":{"line":6,"column":28}},"loc":{"start":{"line":6,"column":62},"end":{"line":14,"column":null}},"line":6}},"branchMap":{"0":{"loc":{"start":{"line":6,"column":37},"end":{"line":6,"column":52}},"type":"default-arg","locations":[{"start":{"line":6,"column":49},"end":{"line":6,"column":52}}],"line":6}},"s":{"0":6,"1":6},"f":{"0":6},"b":{"0":[6]},"meta":{"lastBranch":1,"lastFunction":1,"lastStatement":2,"seen":{"f:6:16:6:28":0,"b:6:49:6:52":0,"s:8:14:8:Infinity":0,"s:9:2:12:Infinity":1}}}
,"/Users/sathvikyada/Desktop/SpliLearn/splitlearn-web/src/modules/ui/Toast.tsx": {"path":"/Users/sathvikyada/Desktop/SpliLearn/splitlearn-web/src/modules/ui/Toast.tsx","statementMap":{"0":{"start":{"line":9,"column":6},"end":{"line":9,"column":null}},"1":{"start":{"line":12,"column":26},"end":{"line":12,"column":null}},"2":{"start":{"line":15,"column":8},"end":{"line":19,"column":null}},"3":{"start":{"line":16,"column":15},"end":{"line":16,"column":null}},"4":{"start":{"line":17,"column":4},"end":{"line":17,"column":null}},"5":{"start":{"line":17,"column":21},"end":{"line":17,"column":45}},"6":{"start":{"line":18,"column":4},"end":{"line":18,"column":null}},"7":{"start":{"line":18,"column":21},"end":{"line":18,"column":69}},"8":{"start":{"line":18,"column":38},"end":{"line":18,"column":66}},"9":{"start":{"line":18,"column":54},"end":{"line":18,"column":65}},"10":{"start":{"line":21,"column":8},"end":{"line":21,"column":null}},"11":{"start":{"line":21,"column":31},"end":{"line":21,"column":42}},"12":{"start":{"line":23,"column":2},"end":{"line":37,"column":null}},"13":{"start":{"line":28,"column":10},"end":{"line":34,"column":null}},"14":{"start":{"line":42,"column":8},"end":{"line":42,"column":null}},"15":{"start":{"line":43,"column":2},"end":{"line":43,"column":null}},"16":{"start":{"line":43,"column":12},"end":{"line":43,"column":null}},"17":{"start":{"line":44,"column":2},"end":{"line":44,"column":null}},"18":{"start":{"line":49,"column":2},"end":{"line":49,"column":null}},"19":{"start":{"line":49,"column":29},"end":{"line":49,"column":null}},"20":{"start":{"line":50,"column":2},"end":{"line":50,"column":null}},"21":{"start":{"line":50,"column":27},"end":{"line":50,"column":null}},"22":{"start":{"line":51,"column":2},"end":{"line":51,"column":null}}},"fnMap":{"0":{"name":"ToastProvider","decl":{"start":{"line":11,"column":16},"end":{"line":11,"column":30}},"loc":{"start":{"line":11,"column":75},"end":{"line":39,"column":null}},"line":11},"1":{"name":"(anonymous_1)","decl":{"start":{"line":15,"column":27},"end":{"line":15,"column":28}},"loc":{"start":{"line":15,"column":57},"end":{"line":19,"column":5}},"line":15},"2":{"name":"(anonymous_2)","decl":{"start":{"line":17,"column":14},"end":{"line":17,"column":15}},"loc":{"start":{"line":17,"column":21},"end":{"line":17,"column":45}},"line":17},"3":{"name":"(anonymous_3)","decl":{"start":{"line":18,"column":15},"end":{"line":18,"column":21}},"loc":{"start":{"line":18,"column":21},"end":{"line":18,"column":69}},"line":18},"4":{"name":"(anonymous_4)","decl":{"start":{"line":18,"column":31},"end":{"line":18,"column":32}},"loc":{"start":{"line":18,"column":38},"end":{"line":18,"column":66}},"line":18},"5":{"name":"(anonymous_5)","decl":{"start":{"line":18,"column":47},"end":{"line":18,"column":48}},"loc":{"start":{"line":18,"column":54},"end":{"line":18,"column":65}},"line":18},"6":{"name":"(anonymous_6)","decl":{"start":{"line":21,"column":24},"end":{"line":21,"column":31}},"loc":{"start":{"line":21,"column":31},"end":{"line":21,"column":42}},"line":21},"7":{"name":"(anonymous_7)","decl":{"start":{"line":27,"column":20},"end":{"line":27,"column":21}},"loc":{"start":{"line":28,"column":10},"end":{"line":34,"column":null}},"line":28},"8":{"name":"useToast","decl":{"start":{"line":41,"column":16},"end":{"line":41,"column":27}},"loc":{"start":{"line":41,"column":27},"end":{"line":45,"column":null}},"line":41},"9":{"name":"dotClass","decl":{"start":{"line":48,"column":9},"end":{"line":48,"column":18}},"loc":{"start":{"line":48,"column":46},"end":{"line":52,"column":null}},"line":48}},"branchMap":{"0":{"loc":{"start":{"line":32,"column":15},"end":{"line":32,"column":null}},"type":"cond-expr","locations":[{"start":{"line":32,"column":31},"end":{"line":32,"column":91}},{"start":{"line":32,"column":91},"end":{"line":32,"column":null}}],"line":32},"1":{"loc":{"start":{"line":43,"column":2},"end":{"line":43,"column":null}},"type":"if","locations":[{"start":{"line":43,"column":2},"end":{"line":43,"column":null}},{"start":{},"end":{}}],"line":43},"2":{"loc":{"start":{"line":49,"column":2},"end":{"line":49,"column":null}},"type":"if","locations":[{"start":{"line":49,"column":2},"end":{"line":49,"column":null}},{"start":{},"end":{}}],"line":49},"3":{"loc":{"start":{"line":50,"column":2},"end":{"line":50,"column":null}},"type":"if","locations":[{"start":{"line":50,"column":2},"end":{"line":50,"column":null}},{"start":{},"end":{}}],"line":50}},"s":{"0":4,"1":54,"2":54,"3":11,"4":11,"5":11,"6":11,"7":11,"8":3,"9":4,"10":54,"11":42,"12":54,"13":11,"14":11,"15":11,"16":2,"17":8,"18":11,"19":1,"20":10,"21":10,"22":9},"f":{"0":54,"1":11,"2":11,"3":11,"4":3,"5":4,"6":42,"7":11,"8":11,"9":11},"b":{"0":[5,6],"1":[2,9],"2":[1,10],"3":[1,9]},"meta":{"lastBranch":4,"lastFunction":10,"lastStatement":23,"seen":{"s:9:6:9:Infinity":0,"f:11:16:11:30":0,"s:12:26:12:Infinity":1,"s:15:8:19:Infinity":2,"f:15:27:15:28":1,"s:16:15:16:Infinity":3,"s:17:4:17:Infinity":4,"f:17:14:17:15":2,"s:17:21:17:45":5,"s:18:4:18:Infinity":6,"f:18:15:18:21":3,"s:18:21:18:69":7,"f:18:31:18:32":4,"s:18:38:18:66":8,"f:18:47:18:48":5,"s:18:54:18:65":9,"s:21:8:21:Infinity":10,"f:21:24:21:31":6,"s:21:31:21:42":11,"s:23:2:37:Infinity":12,"f:27:20:27:21":7,"s:28:10:34:Infinity":13,"b:32:31:32:91:32:91:32:Infinity":0,"f:41:16:41:27":8,"s:42:8:42:Infinity":14,"b:43:2:43:Infinity:undefined:undefined:undefined:undefined":1,"s:43:2:43:Infinity":15,"s:43:12:43:Infinity":16,"s:44:2:44:Infinity":17,"f:48:9:48:18":9,"b:49:2:49:Infinity:undefined:undefined:undefined:undefined":2,"s:49:2:49:Infinity":18,"s:49:29:49:Infinity":19,"b:50:2:50:Infinity:undefined:undefined:undefined:undefined":3,"s:50:2:50:Infinity":20,"s:50:27:50:Infinity":21,"s:51:2:51:Infinity":22}}}
}
